<?xml version="1.0" encoding="UTF-8"?>
<testng-results ignored="0" total="4" passed="4" failed="0" skipped="0">
  <reporter-output>
  </reporter-output>
  <suite started-at="2024-06-01T12:06:45 IST" name="Surefire suite" finished-at="2024-06-01T12:06:48 IST" duration-ms="3544">
    <groups>
    </groups>
    <test started-at="2024-06-01T12:06:45 IST" name="Surefire test" finished-at="2024-06-01T12:06:48 IST" duration-ms="3544">
      <class name="package2.OrgTest">
        <test-method signature="createOrgTest()[pri:0, instance:package2.OrgTest@197d671]" started-at="2024-06-01T12:06:48 IST" name="createOrgTest" finished-at="2024-06-01T12:06:48 IST" duration-ms="1" status="PASS">
          <reporter-output>
          </reporter-output>
        </test-method> <!-- createOrgTest -->
        <test-method signature="modifyOrgTest()[pri:0, instance:package2.OrgTest@197d671]" started-at="2024-06-01T12:06:48 IST" name="modifyOrgTest" finished-at="2024-06-01T12:06:48 IST" duration-ms="0" status="PASS">
          <reporter-output>
          </reporter-output>
        </test-method> <!-- modifyOrgTest -->
      </class> <!-- package2.OrgTest -->
      <class name="package1.ContactTest">
        <test-method signature="createContactTest()[pri:0, instance:package1.ContactTest@1d76aeea]" started-at="2024-06-01T12:06:45 IST" name="createContactTest" finished-at="2024-06-01T12:06:48 IST" duration-ms="3508" status="PASS">
          <reporter-output>
          </reporter-output>
        </test-method> <!-- createContactTest -->
        <test-method signature="modifyContactTest()[pri:0, instance:package1.ContactTest@1d76aeea]" started-at="2024-06-01T12:06:48 IST" name="modifyContactTest" finished-at="2024-06-01T12:06:48 IST" duration-ms="0" status="PASS">
          <reporter-output>
          </reporter-output>
        </test-method> <!-- modifyContactTest -->
      </class> <!-- package1.ContactTest -->
    </test> <!-- Surefire test -->
  </suite> <!-- Surefire suite -->
</testng-results>
