<?xml version="1.0" encoding="UTF-8"?>
<!-- Generated by org.testng.reporters.JUnitXMLReporter -->
<testsuite ignored="0" hostname="FFE-Asha-R" failures="0" tests="4" name="Surefire test" time="3.544" errors="0" timestamp="2024-06-01T12:06:48 IST">
  <testcase classname="package1.ContactTest" name="createContactTest" time="3.508"/>
  <testcase classname="package1.ContactTest" name="modifyContactTest" time="0.0"/>
  <testcase classname="package2.OrgTest" name="createOrgTest" time="0.001"/>
  <testcase classname="package2.OrgTest" name="modifyOrgTest" time="0.0"/>
</testsuite> <!-- Surefire test -->
